<?xml version="1.0" encoding="UTF-8"?>
<!-- Generated by org.testng.reporters.JUnitXMLReporter -->
<testsuite hostname="DESKTOP-2QFUP5N" ignored="0" name="Default test" tests="4" failures="0" timestamp="2020-12-07T12:06:29 IST" time="0.068" errors="0">
  <testcase name="adminmodue1" time="0.008" classname="com.orangehrmlive.GroupTest"/>
  <testcase name="adminmodue2" time="0.002" classname="com.orangehrmlive.GroupTest"/>
  <testcase name="leavemodule1" time="0.006" classname="com.orangehrmlive.GroupTest"/>
  <testcase name="leavemodule2" time="0.002" classname="com.orangehrmlive.GroupTest"/>
</testsuite> <!-- Default test -->
