<?xml version="1.0" encoding="UTF-8"?>
<!-- Generated by org.testng.reporters.JUnitXMLReporter -->
<testsuite hostname="DESKTOP-2QFUP5N" ignored="0" name="Test" tests="5" failures="0" timestamp="2020-12-07T11:17:39 IST" time="81.257" errors="0">
  <testcase name="paraTest" time="18.21" classname="com.orangehrmlive.XmlTest"/>
  <testcase name="paraTest2" time="17.524" classname="com.orangehrmlive.XmlTest2"/>
  <testcase name="adminTest" time="2.9" classname="com.orangehrmlive.TestNGDemo"/>
  <testcase name="leaveTest" time="2.35" classname="com.orangehrmlive.TestNGDemo"/>
  <testcase name="timeTest" time="1.712" classname="com.orangehrmlive.TestNGDemo"/>
</testsuite> <!-- Test -->
